Parsing Line : 00bab912-c470-4c9f-ad74-9b74c8fc31b8.md,conversationLogTranscripts_ref.md,
Parsing Line : 01cde099-09ef-4405-80f0-901a34c2497e.md,CommunicationDashboard.md,
Parsing Line : 07c43c06-293e-4f88-bde1-7e008e50be33.md,setIsTyping_ref.md,
Parsing Line : 099664d5-91fc-4fc2-951b-47e6313dbb62.md,promote_ref.md,
Parsing Line : 0ae25a09-f307-4e71-becd-f8d0200500ed.md,applications_ref.md,
Parsing Line : 0db804a5-79ed-4f1b-b5ef-7a196d7336f0.md,AccessLevel_ref.md,
Parsing Line : 0dd007e8-66c9-43e3-9c99-def373de698c.md,Role_ref.md,
Parsing Line : 0eae6efa-f329-4726-8286-da7bf1b2dfc8.md,root_ref.md,
Parsing Line : 0f960fd9-af85-4ebb-b0ec-357327a8e7be.md,events_ref.md,
Parsing Line : 1190c6fb-d890-46b4-a7b8-9fcd13bbac8f.md,ManageMultitabApplications.md,
Parsing Line : 11b1d2b6-89f4-4b54-8da3-d1eeb4f9f298.md,changeNumber_ref.md,
Parsing Line : 11c284b2-ea9c-4408-a4a4-d4416b045d18.md,UCWAenumerations.md,
Parsing Line : 120fc313-b329-4200-9ae2-6306775b842d.md,ApplicationDashboard.md,
Parsing Line : 12af4943-8811-4a34-913e-3c3a4777fc72.md,group_ref.md,
Parsing Line : 14295212-64d4-43a4-b505-4ab54caf7361.md,turnOffCallForwarding_ref.md,
Parsing Line : 145954e0-16bf-411e-93ce-65126c991aef.md,from_ref.md,
Parsing Line : 150c4ab5-f08b-4dfa-afa7-1144d1933b55.md,onlineMeetingExtension_ref.md,
Parsing Line : 16166b64-5ce0-4429-b930-6a48aa3e3845.md,memberships_ref.md,
Parsing Line : 17c5267f-4e83-4c05-8b62-93535f68435e.md,holdPhoneAudio_ref.md,
Parsing Line : 17cf8cf1-7366-413c-bf2f-2bd031eea669.md,organizer_ref.md,
Parsing Line : 1ad950e5-a76e-4507-9a6a-4d4407a70650.md,onlineMeetingExtensions_ref.md,
Parsing Line : 1af02f5b-9424-4758-8b3d-68dc4040e4d8.md,forwardedBy_ref.md,
Parsing Line : 1b8efcca-590f-419b-b143-665d7611a827.md,distributionGroup_ref.md,
Parsing Line : 1df42392-16cb-4a95-a29a-bf1446199a46.md,participantPanoramicVideo_ref.md,
Parsing Line : 1e81f871-5bc9-4bf6-abfd-8a0367bb3dec.md,changeVisibility_ref.md,
Parsing Line : 1eb04426-0e9b-47b1-ab56-84944c962924.md,ResetMyNoteInfo.md,
Parsing Line : 1eb7e39d-fd89-4cb4-bd35-d50f79c7cfe7.md,SearchForUsersContact.md,
Parsing Line : 1f5eb4e0-9cff-4ed9-8953-fb8096408ad2.md,ConversationLogStatus_ref.md,
Parsing Line : 1f699b4b-2ec1-497e-a819-0888edfdd740.md,dialInRegion_ref.md,
Parsing Line : 1f96b38b-967d-473b-a7e7-01d88dbe5d1c.md,simultaneousRingToDelegates_ref.md,
Parsing Line : 20727ce2-24cb-42dd-a7ce-0592bc7b3dba.md,contactLocation_ref.md,
Parsing Line : 21426110-6903-48b5-be9b-340239fbf8a7.md,presenceSubscriptionMemberships_ref.md,
Parsing Line : 22b5551d-134c-4483-969f-8ada2abb8bcd.md,AudienceMessaging_ref.md,
Parsing Line : 262c8dc3-e95a-41dc-b8b5-c69be9212471.md,DevelopingUCWAApplicationsForSfBOnline.md,
Parsing Line : 279317ab-dd9b-4de0-912a-9da89d9cc6f1.md,PeopleTasks.md,
Parsing Line : 2b10b5ab-30b5-4c8a-bece-f681246655a7.md,leaders_ref.md,
Parsing Line : 2b127c58-e3bb-4a6d-999a-74fda1fa0664.md,groupContacts_ref.md,
Parsing Line : 2cf1255d-8d58-49ac-a4ad-3bf9042a134d.md,GetMyPhoto.md,
Parsing Line : 2e6e0c09-b6b8-45f9-8f1d-4c226f70ff86.md,messageTranscript_ref.md,
Parsing Line : 2e9d8a3e-d83c-46c1-a0da-9bf203f9967c.md,SimultaneousRingTarget_ref.md,
Parsing Line : 2ea2d57e-6c63-4a69-b12e-479d281dc7be.md,HTTP.md,
Parsing Line : 2f2ae008-2eee-42c3-a993-88084f98b2e6.md,DevelopingApplicationsWithUCWA.md,
Parsing Line : 30464053-d6d6-4b9d-a5cb-5bf11dc4a955.md,acceptedByContact_ref.md,
Parsing Line : 30f2e8ef-7c8e-46fa-b85d-8668816698f5.md,applicationSharing_ref.md,
Parsing Line : 315662db-ab1f-43f1-ba8d-bc3e78bfd77c.md,failedDeliveryParticipant_ref.md,
Parsing Line : 31a6a28a-89b4-4ab7-bb00-504cc4d4b059.md,errorTranscript_ref.md,
Parsing Line : 32ee720b-4c9f-4546-8bc7-4cc1e856e62b.md,myGroups_ref.md,
Parsing Line : 335f30ed-c500-485e-a56d-06d100c317e7.md,startPhoneAudio2_ref.md,
Parsing Line : 339e2338-2077-4e8f-9d91-4805d126cbec.md,Architecture.md,
Parsing Line : 346de743-6a8d-4d2d-a3ae-e4ffa69950f3.md,OnlineMeetingsDashboard.md,
Parsing Line : 34a09088-9676-4d59-b2ec-3e9c0b2d94bd.md,ContactType_ref.md,
Parsing Line : 34f0e85c-250c-4141-b990-73a02977786e.md,myPrivacyRelationship_ref.md,
Parsing Line : 3679ce78-9f03-4ce1-add1-fe426dbce794.md,expandDistributionGroup_ref.md,
Parsing Line : 3681c869-e686-43f5-844f-5179cfa49726.md,stopMessaging_ref.md,
Parsing Line : 37b83528-2d79-439c-a547-2931de282e87.md,typingParticipants_ref.md,
Parsing Line : 3827fad9-ad72-467b-be19-4d98379bb877.md,myContactsAndGroupsSubscription_ref.md,
Parsing Line : 39bab22f-af4d-4812-9cac-9cc4de3005fb.md,AuthenticationInUCWA.md,
Parsing Line : 39ee53c7-8623-4a51-a59e-41f68ac094c5.md,muteVideo_ref.md,
Parsing Line : 3a3f8edf-a0e9-4cf5-8bb3-09afe679b09b.md,SendAnIM.md,
Parsing Line : 3a77bb28-6ec8-4ee0-ae9e-1e76495c3ebf.md,conversationLogTranscript_ref.md,
Parsing Line : 3b558c90-2875-4df3-822c-391f119062d3.md,continuePhoneAudio_ref.md,
Parsing Line : 3bd635e6-5e6b-430f-ada8-2886b86adb3f.md,unmuteVideo_ref.md,
Parsing Line : 3c07f96c-9d24-4e69-9193-bc92228d2958.md,UCWA_IT_Administration.md,
Parsing Line : 3e17be19-e086-4675-9707-40a8392087c9.md,removeContactFromAllGroups_ref.md,
Parsing Line : 3ed92936-a499-4bee-8048-ada9a2071021.md,presence_ref.md,
Parsing Line : 3f33a576-8cb0-4885-81c9-14d7259605cc.md,WhatsNewInUCWA2_0.md,
Parsing Line : 3fe2bd76-b099-4c8f-a255-c513cf8eecf1.md,audioTranscript_ref.md,
Parsing Line : 423c70f1-d8d1-4f87-89f9-d1f6e558d8cf.md,immediateForwardSettings_ref.md,
Parsing Line : 46016684-8422-4918-8f04-89603559cc82.md,OperationResourcelibrary.md,
Parsing Line : 46dc955a-e9b8-4c19-a582-7866f9329642.md,EventsLibrary.md,
Parsing Line : 47ada3b6-cbe0-478a-8957-198b90661a87.md,people_ref.md,
Parsing Line : 48121379-f019-4e9b-8f5f-3a3fc0eb97d2.md,LargeMeetingMode_ref.md,
Parsing Line : 48cd7758-8e60-4c02-813c-9ff978be7ad3.md,reportMyActivity_ref.md,
Parsing Line : 48f1dcfa-d43e-4801-b936-6f5274b9506f.md,SupportedTopologies.md,
Parsing Line : 4ab506f4-0f80-4d28-88d8-7e58425de8d1.md,WebLinks.md,
Parsing Line : 4bb211d1-55ee-47e7-adeb-c7cdd3836fab.md,AudienceMuteLock_ref.md,
Parsing Line : 4c706897-c1af-4049-92fa-c7470f270e40.md,UnansweredCallHandlingTarget_ref.md,
Parsing Line : 4c86429c-c34b-48db-bfff-14ff747a08d7.md,phoneAudioInvitation_ref.md,
Parsing Line : 4d3685e5-6d8f-4030-b057-e712bedacbef.md,message_ref.md,
Parsing Line : 4f21d8d1-e6d8-4321-a475-e89b879a32a4.md,derivedConversation_ref.md,
Parsing Line : 4f77e45f-e4ae-4518-8f4a-6b0b39219657.md,GenericPolicy_ref.md,
Parsing Line : 4fec277a-c60d-4fcd-810e-c651c558c614.md,MessageFormat_ref.md,
Parsing Line : 501d8bdf-8d48-4f18-b635-ad7da3581c34.md,conversations_ref.md,
Parsing Line : 53bb9b09-9778-46fb-a5ee-fabafa6eae2a.md,SubscribeToThePresenceOfSelectedContacts.md,
Parsing Line : 573d37bf-7fae-4ec6-9ebe-20e19e82673a.md,startOrRefreshSubscriptionToContactsAndGroups_ref.md,
Parsing Line : 582e6986-3c0c-47ce-b63b-242b4e381925.md,ResourcesInUCWA.md,
Parsing Line : 587b3945-46a7-4ed9-8c31-fdb34e21cb5f.md,onlineMeetingPolicies_ref.md,
Parsing Line : 58986256-c50a-413c-b0ed-1c448fa3a137.md,presenceSubscription_ref.md,
Parsing Line : 593ce7e1-ac6a-4a6b-ae05-b396bb5217c8.md,search_ref.md,
Parsing Line : 59ee2f00-b7b2-44b9-93a2-ec65fbf093b8.md,participantApplicationSharing_ref.md,
Parsing Line : 5a4af6e8-e685-4965-b790-835017a63d42.md,UnifiedCommunicationsWebAPI2_0.md,
Parsing Line : 5aadca8d-fde9-4450-8745-1b16b77a8c75.md,PrivacyRelationshipLevel_ref.md,
Parsing Line : 5adcdf7e-a309-4bca-86f8-bf33a793ab91.md,demote_ref.md,
Parsing Line : 5b206dd2-7299-41f0-8bb2-924cbedc7c04.md,reason_ref.md,
Parsing Line : 5b9443d2-50a5-4df2-9117-dd387fa057aa.md,stopSubscriptionToContactsAndGroups_ref.md,
Parsing Line : 5b9fec78-c6e2-47f9-98b4-580d871ff461.md,OnlineMeetingRel_ref.md,
Parsing Line : 5beff9ff-c16a-4e5b-9a66-601bdbccf71e.md,acceptedByParticipant_ref.md,
Parsing Line : 5bfe5c5b-c59d-4dfc-8600-cc2dba38bd58.md,CallDeclineReason_ref.md,
Parsing Line : 5c7a6727-0a4c-47bb-a08a-c8162eb302fd.md,CallState_ref.md,
Parsing Line : 5dbdb779-8967-4ed3-9092-f8feb92ae8c8.md,enableAudienceMessaging_ref.md,
Parsing Line : 5fdc1ff2-87e7-4978-a7b1-7813f2270862.md,CopyrightNotice_UCWA2_0SDK.md,
Parsing Line : 60bba4ab-4cfb-421e-8f82-7422a3368de0.md,GetUsersContactList.md,
Parsing Line : 60d06aa7-3b40-4684-9f34-baf784b32ccf.md,applicationSharer_ref.md,
Parsing Line : 610f6b9b-3a5c-40b9-a188-d22e1573f630.md,OperationResource.md,
Parsing Line : 6342386c-41da-40bc-be86-f10aa63d8874.md,GetMyNoteInformation.md,
Parsing Line : 636fdcc7-cfa5-47cd-a267-cca5ae2b22e2.md,SourceNetwork_ref.md,
Parsing Line : 64185ba0-8881-429d-b1c3-af192250e690.md,phone_ref.md,
Parsing Line : 6513ee83-b6d4-4421-a473-b3cbff093d9a.md,GetPresenceDataOfAContact.md,
Parsing Line : 65575184-3fc1-40f3-9b2f-7995bbb83c92.md,startPhoneAudio_ref.md,
Parsing Line : 656d8c94-e67a-44a9-9656-f6809fb850c8.md,photo_ref.md,
Parsing Line : 661cbbd2-bf7f-4fa3-b18f-138842f19957.md,myPrivacyRelationships_ref.md,
Parsing Line : 668a32e0-d10f-464b-9ac3-cd17dcc20a5f.md,conversationLogRecipient_ref.md,
Parsing Line : 66b56abb-6922-422c-b374-84abc47483b9.md,startMessaging2_ref.md,
Parsing Line : 6a244705-637a-4a0a-a95c-5c38316ce4ec.md,onlineMeeting_ref.md,
Parsing Line : 6a59f3c4-129b-409a-9046-5514e2b3bd10.md,defaultGroup_ref.md,
Parsing Line : 6cd9060e-6da0-439a-b8d4-aa67db8280ad.md,PeopleDashboard.md,
Parsing Line : 6d5efc27-f791-4c31-9738-bfb5027a2050.md,participantDataCollaboration_ref.md,
Parsing Line : 6e2a7275-e350-4407-890f-7e27740295fc.md,localParticipant_ref.md,
Parsing Line : 6e4ea80c-1459-4b31-b2d0-8c7db674a44c.md,ErrorTranscriptReason_ref.md,
Parsing Line : 6eb50799-6c08-48e1-a3cf-0e4585fcf9ad.md,stopPhoneAudio_ref.md,
Parsing Line : 6ed9c06a-5fbd-4ece-8ede-fa3b50369c0f.md,onlineMeetingInvitation_ref.md,
Parsing Line : 6eeb76ff-f002-4ac8-ba48-a70f31ff58c8.md,myContacts_ref.md,
Parsing Line : 6f999a54-b439-49c9-8038-cd7defb5009b.md,AdvancedTopics.md,
Parsing Line : 717fdb0c-193d-4d91-b223-f25efefdc2d5.md,resumePhoneAudio_Ref.md,
Parsing Line : 71c53d32-58f8-456c-bd5f-63649327a5d0.md,KeyTasks.md,
Parsing Line : 72942217-0203-4e6a-97f3-d8a3327939c4.md,attendees_ref.md,
Parsing Line : 72a576f9-9444-465e-94a7-fea689756498.md,addToContactList_ref.md,
Parsing Line : 73bf0803-6886-42ce-bae2-2d75c9be3bfb.md,lobby_ref.md,
Parsing Line : 73dc7e76-4839-4651-a58e-28754255bdba.md,Hypermedia.md,
Parsing Line : 74ab3e3f-6ada-4076-a0f9-244e7624757d.md,myOnlineMeetings_ref.md,
Parsing Line : 74b3e5c6-f398-4298-97a1-f1094bc38c95.md,participantVideo_ref.md,
Parsing Line : 752d9fad-1989-4e93-987c-533d09226755.md,xframe_ref.md,
Parsing Line : 755bb40f-9b65-416d-bf52-9036ed6e80ea.md,GeneralHelperLibrary.md,
Parsing Line : 75d44c79-807d-4fb9-8c2c-6ed637df77dc.md,presenceSubscriptionMembership_ref.md,
Parsing Line : 76395480-560b-47e9-9dbc-37d192a28604.md,UCWAResources.md,
Parsing Line : 7688c0ae-be0c-41d6-9521-7110f6594e48.md,makeMeAvailable_ref.md,
Parsing Line : 7755f3d0-8e64-404a-8af4-b8a097fce80e.md,addToPresenceSubscription_ref.md,
Parsing Line : 78d605f1-95be-4fb5-a7ff-be0874a75dd0.md,admit_ref.md,
Parsing Line : 78f54e46-9b28-46e1-ba3a-4b5ff224d7b2.md,GetAContactData.md,
Parsing Line : 79233ef3-248c-4aee-8441-62419e0621f9.md,myGroupMembership_ref.md,
Parsing Line : 7c2378a8-5ebf-4714-956e-2c294391e17a.md,GenericSynchronousErrors.md,
Parsing Line : 7c696cc8-283b-4a8c-ab3b-32928b905ecc.md,unansweredCallToVoicemail_ref.md,
Parsing Line : 7c8323ef-11af-4f69-9ca5-9d3077b81c3d.md,callForwardingSettings_ref.md,
Parsing Line : 7d3b7c73-f43f-4e69-a0c5-16fe7b6f21ac.md,MeDashboard.md,
Parsing Line : 7ee1ba28-36fe-4ffc-8397-6d4a2757606f.md,startMessaging_ref.md,
Parsing Line : 8054991d-e612-4cf8-aae8-7b9103495f28.md,derivedPhoneAudio_ref.md,
Parsing Line : 80c48c9e-ffd8-467c-8874-b9715282f1ed.md,CallForwardingState_ref.md,
Parsing Line : 812e2205-77d2-4668-93ee-54451178543b.md,removeFromContactList_ref.md,
Parsing Line : 818e6427-90ef-4ecb-8b40-b52cb5ba005c.md,Direction_ref.md,
Parsing Line : 8261da26-fd91-45f7-a27b-13e0a8f99d7c.md,resetContactPrivacyRelationship_ref.md,
Parsing Line : 8281ab1a-adfa-4bfb-bd14-e6657945a64d.md,cancel_ref.md,
Parsing Line : 82d1fd85-b9f1-4ef0-890b-701ec79a5f4d.md,joinOnlineMeeting_ref.md,
Parsing Line : 834cdc6f-254c-4f62-897c-342732507432.md,AutomaticLeaderAssignment_ref.md,
Parsing Line : 83a4d69f-5f2a-4e66-9288-affae81db6b0.md,application_ref.md,
Parsing Line : 845bbb65-70aa-4fa6-9d3b-ee84b1ade12d.md,to_ref.md,
Parsing Line : 84cf2521-fea6-4bfc-8873-ec4837075010.md,transferredBy_ref.md,
Parsing Line : 84d9cd31-7aec-44e9-9c1f-1297a4d9d1b4.md,SetMyPresenceInformation.md,
Parsing Line : 851e2254-0f1e-433e-aa5f-4d0df123a31a.md,ContactDeviceType_ref.md,
Parsing Line : 853a322a-5d81-4a90-9546-4883ada50473.md,MeTasks.md,
Parsing Line : 87ddb08e-1306-4f10-9f97-e93bd9fe3518.md,me_ref.md,
Parsing Line : 89bef9c1-2781-422a-83dc-deb37c3414fe.md,muteAudio_ref.md,
Parsing Line : 89d0ff80-67d8-4944-8518-30ab979318cd.md,onlineMeetingEligibleValues_ref.md,
Parsing Line : 8a39a417-3876-41cf-8efe-30145ebbc441.md,PhoneUserAdmission_ref.md,
Parsing Line : 8a4da0f7-26aa-4fbd-b614-f3ede50349de.md,contact_ref.md,
Parsing Line : 8ad96ed9-9d01-4d2c-97cc-ca3b1197743e.md,BatchLibrary.md,
Parsing Line : 8b3e025c-4f64-418b-bf47-e81072f3f12b.md,UCWAHelperLibrary.md,
Parsing Line : 8d69617d-aeae-416f-90f7-6c8b1fd614a3.md,resetUnansweredCallSettings_ref.md,
Parsing Line : 8df83b6b-8c14-4f53-a097-cd9634b0a8ae.md,unansweredCallSettings_ref.md,
Parsing Line : 8e721a92-3874-4bb1-a59c-c6d820c93ff2.md,phones_ref.md,
Parsing Line : 8e79ff9e-ae6e-4aa6-b7c2-f7eafd058f8f.md,groupMemberships_ref.md,
Parsing Line : 8f3c27b9-8b90-444f-a15f-03c9d30135b2.md,communication_ref.md,
Parsing Line : 9073a925-360e-417c-9d54-b2f798a3df3d.md,applications2_ref.md,
Parsing Line : 90789224-15a2-40bd-a439-61270b89089d.md,MultiTabSupport.md,
Parsing Line : 90eb396f-31cf-4ae9-9e48-231412286353.md,onlineMeetingInvitationCustomization_ref.md,
Parsing Line : 92346c7b-34b2-411d-8a90-2ec3bc8bc304.md,myGroupMembership2_ref.md,
Parsing Line : 92448f0a-eb03-4a2b-a60d-31ac83bfa748.md,ScheduleAnOnlineMeeting.md,
Parsing Line : 9296257d-5a76-46a3-9dd9-e6762d2832c4.md,Caching.md,
Parsing Line : 92e2e28c-b7c9-4ec3-8dcf-67c141039fa3.md,ReceiveAnIM.md,
Parsing Line : 93e06ebb-38dd-4f6d-80f8-27234f4a1396.md,InvitationState_ref.md,
Parsing Line : 94ef86c5-4164-4a1b-8e1b-72485a29a7f6.md,OnlineMeetingExtensionType_ref.md,
Parsing Line : 95cd0461-a7e9-469c-81a8-ece6f57b80ef.md,myGroupMemberships_ref.md,
Parsing Line : 9740e3af-b40a-4dda-96c9-90acb052f8df.md,participantMessaging_ref.md,
Parsing Line : 9879760b-ac64-4c3a-9b5b-e9bf11ebcaac.md,Versioning.md,
Parsing Line : 9a1529d0-bb71-45d8-ac0d-d893da74a28d.md,DeleteAPresenceSubscription.md,
Parsing Line : 9b020a59-4e0b-4f83-bba4-d8c1ccae7264.md,QueryParameters.md,
Parsing Line : 9b58927a-ded4-4f14-80b9-4f4722d7197f.md,startOnlineMeeting_ref.md,
Parsing Line : 9bc335fa-5e75-4e07-bda0-600f97dd2bc2.md,CreateAnApplication.md,
Parsing Line : 9bdf048a-e658-4fa6-9131-53d80346a06b.md,note_ref.md,
Parsing Line : 9bec0d67-16d4-454a-90e4-2169523a9132.md,CacheLibrary.md,
Parsing Line : 9d1da9a5-e1a3-4b50-a8a0-e6b305df514e.md,addPhoneAudio_ref.md,
Parsing Line : 9e4d9905-a17c-458d-8cf5-d384f5bd65fd.md,RegisteringYourApplicationInAzureAD.md,
Parsing Line : 9e83c382-94aa-499d-9b81-b88e4bbd6fd4.md,ErrorsAndInformationalMessages.md,
Parsing Line : 9e86d0ba-8273-4095-a2a1-36a20f9ebc5a.md,Importance_ref.md,
Parsing Line : 9ed01b80-1bc4-4d53-a507-c99894698a7e.md,accept_ref.md,
Parsing Line : a0b6cbe1-866c-4df7-8002-832a90de14a3.md,DashboardConcepts.md,
Parsing Line : a12a3fe0-5e2c-430d-b956-5023b7921c26.md,search2_ref.md,
Parsing Line : a156e178-f2be-4059-b8c8-4f4b12dffd5b.md,ResourceList.md,
Parsing Line : a36f0874-5f0c-4ff2-ba64-b88321a0abe6.md,sendMessage_ref.md,
Parsing Line : a442b78e-4c04-44b7-9c15-44d067d78078.md,TraceAndDebugTools.md,
Parsing Line : a61637e4-d285-4bd1-a36f-559f90e3895b.md,contactPhoto_ref.md,
Parsing Line : a625073b-0335-4561-9bb7-434a80d8805d.md,NoteType_ref.md,
Parsing Line : a672de10-5cea-4aba-a80e-ee57cd65caa8.md,missedItems_ref.md,
Parsing Line : a6df1daa-2ec4-41dc-90bd-d7176e696232.md,participantAudio_ref.md,
Parsing Line : a7e75b53-c16f-49d5-8976-c497a97eb582.md,OnlineMeetingTasks.md,
Parsing Line : a92d7822-bf87-48e8-90a2-5d11a529416b.md,nextConversationLogTranscripts_ref.md,
Parsing Line : aa720c65-f1ac-48bf-9465-67bb85ff8301.md,AuthenticationLibrary.md,
Parsing Line : aae402f4-54c8-4712-b214-77261043dfda.md,unansweredCallToContact_ref.md,
Parsing Line : ab1b2469-7d5b-43e3-954c-53d61648d8f0.md,unmuteAudio_ref.md,
Parsing Line : ab3b80ef-c89e-4d77-b7b0-eb7059fd2379.md,MimeLibrary.md,
Parsing Line : ab98d50f-ebae-4bf7-b9f6-7b9c40c00b2f.md,UCWA2_0APIReference.md,
Parsing Line : ad3c71b7-824e-47cb-96e3-7f13ef65ab26.md,CoreCapabilities.md,
Parsing Line : aed2e045-b1cf-47d9-9052-08cae57d5671.md,pinnedGroup_ref.md,
Parsing Line : b0556a2e-3462-437c-876f-6499f7fe2e72.md,EventsInUCWA.md,
Parsing Line : b13d33bf-aa70-4ed8-9542-b832d5a6e46b.md,subscribedContacts_ref.md,
Parsing Line : b2546551-4471-4908-8752-f864d16ca555.md,disableAudienceMessaging_ref.md,
Parsing Line : b27bffed-c70e-4d86-93e1-18e918413fc7.md,ResetMyPresenceInformation.md,
Parsing Line : b27d0e89-056e-438b-982c-40c5b1fbf779.md,immediateForwardToContact_ref.md,
Parsing Line : b38a382c-083b-4069-85ea-b31372babcb2.md,GetMyPresenceInformation.md,
Parsing Line : b6782120-0bfa-44f8-b3e9-a6165aac0d62.md,dataCollaboration_ref.md,
Parsing Line : b6f48909-acb0-41b1-8425-f3f9f7d51baa.md,phoneAudio_ref.md,
Parsing Line : b8467eb0-721f-441a-8cef-e00e1f36bf7f.md,AudioTranscriptStatus_ref.md,
Parsing Line : b87ab3a1-6f08-4f31-bf64-34dfc3d95e9c.md,immediateForwardToDelegates_ref.md,
Parsing Line : b8a27f05-cb3f-4a55-9fb5-b42b457a48c8.md,RootURL.md,
Parsing Line : ba072854-68eb-467b-8448-a73eb3fad376.md,ImmediateForwardSettingsTarget_ref.md,
Parsing Line : bcbc6c85-357a-4fb2-9956-71b6a25a04e0.md,reject_ref.md,
Parsing Line : bd337bb6-8290-4994-a6c1-a98915f15b72.md,contactPresence_ref.md,
Parsing Line : be5e1daf-180e-4544-b7f0-009f07e0ed2e.md,KeyProgrammingConcepts.md,
Parsing Line : bf005fca-e195-4a4d-94a8-9a1f19b109f7.md,ExtendAPresenceSubscription.md,
Parsing Line : bf84c6dd-7cf4-4a42-9500-4439e82d5f44.md,UnifiedCommunicationsWebAPI2_0SDKDocumentation.md,
Parsing Line : c2aa0114-eb65-42bf-972a-f3ffb569a992.md,disableAudienceMuteLock_ref.md,
Parsing Line : c2f42104-adc2-419d-9941-74ff94d85216.md,contactNote_ref.md,
Parsing Line : c305b892-ed77-48e9-a382-0acf809f73b0.md,user_ref.md,
Parsing Line : c3362a20-fe78-4987-9287-a79c781c46f3.md,PayloadFormat.md,
Parsing Line : c3d9064f-e456-4d63-9b69-5a6359bd81ee.md,SubscribeToThePresenceOfAGroupOfContacts.md,
Parsing Line : c51db8df-a186-4a6f-9efd-b15fe54ad70f.md,myAssignedOnlineMeeting_ref.md,
Parsing Line : c67800da-2046-4512-b357-f94a4e5ee906.md,contactPrivacyRelationship_ref.md,
Parsing Line : c6ebd5e5-3618-4c67-b9ce-30f066f3817a.md,decline_ref.md,
Parsing Line : c738adb5-bed2-4c0c-b272-01c845c192a0.md,ConversationModalityType_ref.md,
Parsing Line : c7a2c885-ceb5-4589-9766-c4a9acbab072.md,Cross_domainIFRAME.md,
Parsing Line : c7e80ca0-bdf1-40a7-bf8d-37ce8e879d95.md,ConversationState_ref.md,
Parsing Line : c7ed4e9b-f169-48d9-b336-801acb809c7e.md,ConfiguringATopology.md,
Parsing Line : c82c831c-ecf4-4bcd-bfa5-570ec79c6620.md,addMessaging_ref.md,
Parsing Line : c96845ef-ddd0-4e16-b432-364553d9e4bb.md,UnansweredCallHandling_ref.md,
Parsing Line : c9d30a4a-ce03-4aba-ad18-c7abd7d03d0d.md,AutoDiscoveryLibrary.md,
Parsing Line : c9e7ede4-0e9f-4dc6-b75c-31a4bcaf9604.md,CommunicationTasks.md,
Parsing Line : c9f4bb49-5ad2-4937-9c1f-303c3c936eec.md,simultaneousRingToTeam_ref.md,
Parsing Line : ca68427d-66a5-4bdd-a835-e11b03e2516f.md,audioVideo_ref.md,
Parsing Line : cb7cefe5-7766-4f67-ab28-27f026c66aff.md,group2_ref.md,
Parsing Line : cbbbd454-069a-4a6f-aeb3-de80d3321030.md,BatchingRequests.md,
Parsing Line : cff5671f-eeb6-47b7-82b7-194e5338e7bc.md,participantInvitation_ref.md,
Parsing Line : d289f5c3-36eb-431d-90b1-38e89c3d47b7.md,videoLockedOnParticipant_ref.md,
Parsing Line : d2d86776-6d02-47ca-970f-25f6aa62a7f8.md,contactPrivacyRelationship2_ref.md,
Parsing Line : d49a8ec7-5414-4fec-a214-df6d4a3d6ca7.md,onlineMeetingDefaultValues_ref.md,
Parsing Line : d536fc2a-7bbd-4074-b476-f69b8fe7dd63.md,continueMessaging_ref.md,
Parsing Line : d5bb9540-3879-40ba-8e9f-bb724430da97.md,Status_ref.md,
Parsing Line : d72315a0-5697-4364-a1fc-b6518f5e6753.md,ErrorSubcode_ref.md,
Parsing Line : d730763d-1378-411d-ad89-bbf50b346883.md,ModalityType_ref.md,
Parsing Line : d7a99bcd-06ec-4d43-9646-113edac09d5b.md,SubscriptionState_ref.md,
Parsing Line : d7c00ff6-3352-43dc-b512-dc40bdb5bbb8.md,simultaneousRingSettings_ref.md,
Parsing Line : d82d65a8-f86c-4212-9aa1-feceb1c8a69e.md,messagingInvitation_ref.md,
Parsing Line : d910dda3-f01f-46a4-8566-cc9ccb2f3a37.md,presenceSubscriptions_ref.md,
Parsing Line : d97531a9-99f5-49fc-a017-c53cd1d815f9.md,onBehalfOf_ref.md,
Parsing Line : da04fe49-220d-4fe1-a69c-672a16f03aea.md,policies_ref.md,
Parsing Line : da2c8ea5-46fa-4985-a001-8eddac29633f.md,EventChannelDetails.md,
Parsing Line : db287f57-206e-4e1b-a8a6-0d3e507b5228.md,enableAudienceMuteLock_ref.md,
Parsing Line : deb9e700-1f33-4511-a869-7aeafd837625.md,VideoSourcesAllowed_ref.md,
Parsing Line : dffab287-2514-428b-82ab-afb862b246a2.md,ConversationLogType_ref.md,
Parsing Line : e07e80bf-6543-4d51-82bf-9318c179ed42.md,PreferredAvailability_ref.md,
Parsing Line : e11a2330-03cb-44d4-986f-d118d4812dce.md,onlineMeetings_ref.md,
Parsing Line : e1bb4d38-90de-4903-a529-f87ed48e9fb9.md,UpdateAnOnlineMeeting.md,
Parsing Line : e27f5647-46b8-4911-8fca-b4d7e3c489c0.md,simultaneousRingToContact_ref.md,
Parsing Line : e292d8ef-3b05-4442-9983-378f6f958f8b.md,SkypeForBusinessOnlineScopePermissions.md,
Parsing Line : e2fef668-8062-41f5-8ac0-04dd2e511cf5.md,DevelopingUCWAApplicationsForSkypeForBusinessServer.md,
Parsing Line : e3921eff-8ebb-485e-bc67-b47a400a4d61.md,ErrorCode_ref.md,
Parsing Line : e4852944-846a-467d-ba6d-7a9aa1980e19.md,messaging_ref.md,
Parsing Line : e64a9968-dbb2-4da5-b298-599cda7922f7.md,Availability_ref.md,
Parsing Line : e6ac52d3-77cb-4d6c-8304-0bb7be48554c.md,subscribeToGroupPresence_ref.md,
Parsing Line : e6f0f857-b347-462f-87cc-27f0fd724a9c.md,markAsRead_ref.md,
Parsing Line : e86c6530-e1e9-4160-bdc0-90282cfc19eb.md,EntryExitAnnouncement_ref.md,
Parsing Line : e871fa3d-5b72-48cf-81b8-9cc34ed52850.md,UCWA2_0GeneralReference.md,
Parsing Line : eb2b9217-14b1-4e42-8a90-411bc169fe4a.md,myOnlineMeeting_ref.md,
Parsing Line : ed39cd49-ade5-44ed-af33-b4485ed2effb.md,batch_ref.md,
Parsing Line : ed8ca7c3-73ec-4f0b-90e1-0c57595649fe.md,myGroupMemberships2_ref.md,
Parsing Line : eea29002-eed8-4de0-82d9-c55627ddd6d8.md,CrossDomainCommunication.md,
Parsing Line : ef776adc-c0e5-4917-8100-76bbc51a20b1.md,TransportLibrary.md,
Parsing Line : efc42f36-5cc9-417e-99d1-09214423e8ca.md,phoneDialInInformation_ref.md,
Parsing Line : f1603670-3b86-4a81-8a8d-c0e6bd7d3f98.md,myGroups2_ref.md,
Parsing Line : f229e901-dda8-420e-8053-72419a5e7b1d.md,conversationLog_ref.md,
Parsing Line : f27f1a2a-82f9-4d8d-a773-ecbd07f347c6.md,conversationLogs_ref.md,
Parsing Line : f28375f0-45be-4447-ba14-996d57f6f0ee.md,LobbyBypassForPhoneUsers_ref.md,
Parsing Line : f46eff40-cfb9-4f64-89ad-c94d8c319e68.md,immediateForwardToVoicemail_ref.md,
Parsing Line : f4965f24-5ad9-41c9-9b52-d2013ef31dbf.md,MediaDirectionType_ref.md,
Parsing Line : f58f84fe-07a4-46d1-b7e1-6c9536b4d49e.md,conversation_ref.md,
Parsing Line : f66482d2-ac35-4b25-9c8b-0f5f7ab89b01.md,AuthenticationUsingAzureAD.md,
Parsing Line : f682620d-d438-46ff-966e-3e51b04ee397.md,redirect_ref.md,
Parsing Line : f8c3fd2d-9c6b-4ca2-b418-e692278d3ec6.md,participant_ref.md,
Parsing Line : fadf1f54-d99f-42d2-b6b2-fa6c99ffa76d.md,addParticipant_ref.md,
Parsing Line : fb6c16d9-979f-4d0e-9a94-6e7a740fe71f.md,derivedMessaging_ref.md,
Parsing Line : fccbf852-0da1-484c-a8ec-b760a3d049ad.md,ActivePeriod_ref.md,
Parsing Line : fd81fea3-2031-4364-ba07-56abb2176733.md,eject_ref.md,
Parsing Line : fdfb1559-4312-4c30-9cb8-819418e2509d.md,location_ref.md,
Parsing Line : fe52376d-d8fd-49a9-a5e4-7ccc0342738a.md,GroupingRequestsInABatch.md,
Parsing Line : fe8a8665-7122-4db0-9da3-4de104ad21f9.md,contactSupportedModalities_ref.md,
Parsing Line : ff1c7d89-9142-4053-8d7d-dea52d0764f0.md,Set my note information.md,
Parsing Line : ffc7b5c0-879b-42a3-963e-3dbcd86e74d1.md,removeContactFromAllGroups2_ref.md,
Parsing Completed
Moving file C:\SBS\UCWA\00bab912-c470-4c9f-ad74-9b74c8fc31b8.mdto C:\SBS\UCWAresults\conversationLogTranscripts_ref.md
Moving file C:\SBS\UCWA\01cde099-09ef-4405-80f0-901a34c2497e.mdto C:\SBS\UCWAresults\CommunicationDashboard.md
Moving file C:\SBS\UCWA\07c43c06-293e-4f88-bde1-7e008e50be33.mdto C:\SBS\UCWAresults\setIsTyping_ref.md
Moving file C:\SBS\UCWA\099664d5-91fc-4fc2-951b-47e6313dbb62.mdto C:\SBS\UCWAresults\promote_ref.md
Moving file C:\SBS\UCWA\0ae25a09-f307-4e71-becd-f8d0200500ed.mdto C:\SBS\UCWAresults\applications_ref.md
Moving file C:\SBS\UCWA\0db804a5-79ed-4f1b-b5ef-7a196d7336f0.mdto C:\SBS\UCWAresults\AccessLevel_ref.md
Moving file C:\SBS\UCWA\0dd007e8-66c9-43e3-9c99-def373de698c.mdto C:\SBS\UCWAresults\Role_ref.md
Moving file C:\SBS\UCWA\0eae6efa-f329-4726-8286-da7bf1b2dfc8.mdto C:\SBS\UCWAresults\root_ref.md
Moving file C:\SBS\UCWA\0f960fd9-af85-4ebb-b0ec-357327a8e7be.mdto C:\SBS\UCWAresults\events_ref.md
Moving file C:\SBS\UCWA\1190c6fb-d890-46b4-a7b8-9fcd13bbac8f.mdto C:\SBS\UCWAresults\ManageMultitabApplications.md
Moving file C:\SBS\UCWA\11b1d2b6-89f4-4b54-8da3-d1eeb4f9f298.mdto C:\SBS\UCWAresults\changeNumber_ref.md
Moving file C:\SBS\UCWA\11c284b2-ea9c-4408-a4a4-d4416b045d18.mdto C:\SBS\UCWAresults\UCWAenumerations.md
Moving file C:\SBS\UCWA\120fc313-b329-4200-9ae2-6306775b842d.mdto C:\SBS\UCWAresults\ApplicationDashboard.md
Moving file C:\SBS\UCWA\12af4943-8811-4a34-913e-3c3a4777fc72.mdto C:\SBS\UCWAresults\group_ref.md
Moving file C:\SBS\UCWA\14295212-64d4-43a4-b505-4ab54caf7361.mdto C:\SBS\UCWAresults\turnOffCallForwarding_ref.md
Moving file C:\SBS\UCWA\145954e0-16bf-411e-93ce-65126c991aef.mdto C:\SBS\UCWAresults\from_ref.md
Moving file C:\SBS\UCWA\150c4ab5-f08b-4dfa-afa7-1144d1933b55.mdto C:\SBS\UCWAresults\onlineMeetingExtension_ref.md
Moving file C:\SBS\UCWA\16166b64-5ce0-4429-b930-6a48aa3e3845.mdto C:\SBS\UCWAresults\memberships_ref.md
Moving file C:\SBS\UCWA\17c5267f-4e83-4c05-8b62-93535f68435e.mdto C:\SBS\UCWAresults\holdPhoneAudio_ref.md
Moving file C:\SBS\UCWA\17cf8cf1-7366-413c-bf2f-2bd031eea669.mdto C:\SBS\UCWAresults\organizer_ref.md
Moving file C:\SBS\UCWA\1ad950e5-a76e-4507-9a6a-4d4407a70650.mdto C:\SBS\UCWAresults\onlineMeetingExtensions_ref.md
Moving file C:\SBS\UCWA\1af02f5b-9424-4758-8b3d-68dc4040e4d8.mdto C:\SBS\UCWAresults\forwardedBy_ref.md
Moving file C:\SBS\UCWA\1b8efcca-590f-419b-b143-665d7611a827.mdto C:\SBS\UCWAresults\distributionGroup_ref.md
Moving file C:\SBS\UCWA\1df42392-16cb-4a95-a29a-bf1446199a46.mdto C:\SBS\UCWAresults\participantPanoramicVideo_ref.md
Moving file C:\SBS\UCWA\1e81f871-5bc9-4bf6-abfd-8a0367bb3dec.mdto C:\SBS\UCWAresults\changeVisibility_ref.md
Moving file C:\SBS\UCWA\1eb04426-0e9b-47b1-ab56-84944c962924.mdto C:\SBS\UCWAresults\ResetMyNoteInfo.md
Moving file C:\SBS\UCWA\1eb7e39d-fd89-4cb4-bd35-d50f79c7cfe7.mdto C:\SBS\UCWAresults\SearchForUsersContact.md
Moving file C:\SBS\UCWA\1f5eb4e0-9cff-4ed9-8953-fb8096408ad2.mdto C:\SBS\UCWAresults\ConversationLogStatus_ref.md
Moving file C:\SBS\UCWA\1f699b4b-2ec1-497e-a819-0888edfdd740.mdto C:\SBS\UCWAresults\dialInRegion_ref.md
Moving file C:\SBS\UCWA\1f96b38b-967d-473b-a7e7-01d88dbe5d1c.mdto C:\SBS\UCWAresults\simultaneousRingToDelegates_ref.md
Moving file C:\SBS\UCWA\20727ce2-24cb-42dd-a7ce-0592bc7b3dba.mdto C:\SBS\UCWAresults\contactLocation_ref.md
Moving file C:\SBS\UCWA\21426110-6903-48b5-be9b-340239fbf8a7.mdto C:\SBS\UCWAresults\presenceSubscriptionMemberships_ref.md
Moving file C:\SBS\UCWA\22b5551d-134c-4483-969f-8ada2abb8bcd.mdto C:\SBS\UCWAresults\AudienceMessaging_ref.md
Moving file C:\SBS\UCWA\262c8dc3-e95a-41dc-b8b5-c69be9212471.mdto C:\SBS\UCWAresults\DevelopingUCWAApplicationsForSfBOnline.md
Moving file C:\SBS\UCWA\279317ab-dd9b-4de0-912a-9da89d9cc6f1.mdto C:\SBS\UCWAresults\PeopleTasks.md
Moving file C:\SBS\UCWA\2b10b5ab-30b5-4c8a-bece-f681246655a7.mdto C:\SBS\UCWAresults\leaders_ref.md
Moving file C:\SBS\UCWA\2b127c58-e3bb-4a6d-999a-74fda1fa0664.mdto C:\SBS\UCWAresults\groupContacts_ref.md
Moving file C:\SBS\UCWA\2cf1255d-8d58-49ac-a4ad-3bf9042a134d.mdto C:\SBS\UCWAresults\GetMyPhoto.md
Moving file C:\SBS\UCWA\2e6e0c09-b6b8-45f9-8f1d-4c226f70ff86.mdto C:\SBS\UCWAresults\messageTranscript_ref.md
Moving file C:\SBS\UCWA\2e9d8a3e-d83c-46c1-a0da-9bf203f9967c.mdto C:\SBS\UCWAresults\SimultaneousRingTarget_ref.md
Moving file C:\SBS\UCWA\2ea2d57e-6c63-4a69-b12e-479d281dc7be.mdto C:\SBS\UCWAresults\HTTP.md
Moving file C:\SBS\UCWA\2f2ae008-2eee-42c3-a993-88084f98b2e6.mdto C:\SBS\UCWAresults\DevelopingApplicationsWithUCWA.md
Moving file C:\SBS\UCWA\30464053-d6d6-4b9d-a5cb-5bf11dc4a955.mdto C:\SBS\UCWAresults\acceptedByContact_ref.md
Moving file C:\SBS\UCWA\30f2e8ef-7c8e-46fa-b85d-8668816698f5.mdto C:\SBS\UCWAresults\applicationSharing_ref.md
Moving file C:\SBS\UCWA\315662db-ab1f-43f1-ba8d-bc3e78bfd77c.mdto C:\SBS\UCWAresults\failedDeliveryParticipant_ref.md
Moving file C:\SBS\UCWA\31a6a28a-89b4-4ab7-bb00-504cc4d4b059.mdto C:\SBS\UCWAresults\errorTranscript_ref.md
Moving file C:\SBS\UCWA\32ee720b-4c9f-4546-8bc7-4cc1e856e62b.mdto C:\SBS\UCWAresults\myGroups_ref.md
Moving file C:\SBS\UCWA\335f30ed-c500-485e-a56d-06d100c317e7.mdto C:\SBS\UCWAresults\startPhoneAudio2_ref.md
Moving file C:\SBS\UCWA\339e2338-2077-4e8f-9d91-4805d126cbec.mdto C:\SBS\UCWAresults\Architecture.md
Moving file C:\SBS\UCWA\346de743-6a8d-4d2d-a3ae-e4ffa69950f3.mdto C:\SBS\UCWAresults\OnlineMeetingsDashboard.md
Moving file C:\SBS\UCWA\34a09088-9676-4d59-b2ec-3e9c0b2d94bd.mdto C:\SBS\UCWAresults\ContactType_ref.md
Moving file C:\SBS\UCWA\34f0e85c-250c-4141-b990-73a02977786e.mdto C:\SBS\UCWAresults\myPrivacyRelationship_ref.md
Moving file C:\SBS\UCWA\3679ce78-9f03-4ce1-add1-fe426dbce794.mdto C:\SBS\UCWAresults\expandDistributionGroup_ref.md
Moving file C:\SBS\UCWA\3681c869-e686-43f5-844f-5179cfa49726.mdto C:\SBS\UCWAresults\stopMessaging_ref.md
Moving file C:\SBS\UCWA\37b83528-2d79-439c-a547-2931de282e87.mdto C:\SBS\UCWAresults\typingParticipants_ref.md
Moving file C:\SBS\UCWA\3827fad9-ad72-467b-be19-4d98379bb877.mdto C:\SBS\UCWAresults\myContactsAndGroupsSubscription_ref.md
Moving file C:\SBS\UCWA\39bab22f-af4d-4812-9cac-9cc4de3005fb.mdto C:\SBS\UCWAresults\AuthenticationInUCWA.md
Moving file C:\SBS\UCWA\39ee53c7-8623-4a51-a59e-41f68ac094c5.mdto C:\SBS\UCWAresults\muteVideo_ref.md
Moving file C:\SBS\UCWA\3a3f8edf-a0e9-4cf5-8bb3-09afe679b09b.mdto C:\SBS\UCWAresults\SendAnIM.md
Moving file C:\SBS\UCWA\3a77bb28-6ec8-4ee0-ae9e-1e76495c3ebf.mdto C:\SBS\UCWAresults\conversationLogTranscript_ref.md
Moving file C:\SBS\UCWA\3b558c90-2875-4df3-822c-391f119062d3.mdto C:\SBS\UCWAresults\continuePhoneAudio_ref.md
Moving file C:\SBS\UCWA\3bd635e6-5e6b-430f-ada8-2886b86adb3f.mdto C:\SBS\UCWAresults\unmuteVideo_ref.md
Moving file C:\SBS\UCWA\3c07f96c-9d24-4e69-9193-bc92228d2958.mdto C:\SBS\UCWAresults\UCWA_IT_Administration.md
Moving file C:\SBS\UCWA\3e17be19-e086-4675-9707-40a8392087c9.mdto C:\SBS\UCWAresults\removeContactFromAllGroups_ref.md
Moving file C:\SBS\UCWA\3ed92936-a499-4bee-8048-ada9a2071021.mdto C:\SBS\UCWAresults\presence_ref.md
Moving file C:\SBS\UCWA\3f33a576-8cb0-4885-81c9-14d7259605cc.mdto C:\SBS\UCWAresults\WhatsNewInUCWA2_0.md
Moving file C:\SBS\UCWA\3fe2bd76-b099-4c8f-a255-c513cf8eecf1.mdto C:\SBS\UCWAresults\audioTranscript_ref.md
Moving file C:\SBS\UCWA\423c70f1-d8d1-4f87-89f9-d1f6e558d8cf.mdto C:\SBS\UCWAresults\immediateForwardSettings_ref.md
Moving file C:\SBS\UCWA\46016684-8422-4918-8f04-89603559cc82.mdto C:\SBS\UCWAresults\OperationResourcelibrary.md
Moving file C:\SBS\UCWA\46dc955a-e9b8-4c19-a582-7866f9329642.mdto C:\SBS\UCWAresults\EventsLibrary.md
Moving file C:\SBS\UCWA\47ada3b6-cbe0-478a-8957-198b90661a87.mdto C:\SBS\UCWAresults\people_ref.md
Moving file C:\SBS\UCWA\48121379-f019-4e9b-8f5f-3a3fc0eb97d2.mdto C:\SBS\UCWAresults\LargeMeetingMode_ref.md
Moving file C:\SBS\UCWA\48cd7758-8e60-4c02-813c-9ff978be7ad3.mdto C:\SBS\UCWAresults\reportMyActivity_ref.md
Moving file C:\SBS\UCWA\48f1dcfa-d43e-4801-b936-6f5274b9506f.mdto C:\SBS\UCWAresults\SupportedTopologies.md
Moving file C:\SBS\UCWA\4ab506f4-0f80-4d28-88d8-7e58425de8d1.mdto C:\SBS\UCWAresults\WebLinks.md
Moving file C:\SBS\UCWA\4bb211d1-55ee-47e7-adeb-c7cdd3836fab.mdto C:\SBS\UCWAresults\AudienceMuteLock_ref.md
Moving file C:\SBS\UCWA\4c706897-c1af-4049-92fa-c7470f270e40.mdto C:\SBS\UCWAresults\UnansweredCallHandlingTarget_ref.md
Moving file C:\SBS\UCWA\4c86429c-c34b-48db-bfff-14ff747a08d7.mdto C:\SBS\UCWAresults\phoneAudioInvitation_ref.md
Moving file C:\SBS\UCWA\4d3685e5-6d8f-4030-b057-e712bedacbef.mdto C:\SBS\UCWAresults\message_ref.md
Moving file C:\SBS\UCWA\4f21d8d1-e6d8-4321-a475-e89b879a32a4.mdto C:\SBS\UCWAresults\derivedConversation_ref.md
Moving file C:\SBS\UCWA\4f77e45f-e4ae-4518-8f4a-6b0b39219657.mdto C:\SBS\UCWAresults\GenericPolicy_ref.md
Moving file C:\SBS\UCWA\4fec277a-c60d-4fcd-810e-c651c558c614.mdto C:\SBS\UCWAresults\MessageFormat_ref.md
Moving file C:\SBS\UCWA\501d8bdf-8d48-4f18-b635-ad7da3581c34.mdto C:\SBS\UCWAresults\conversations_ref.md
Moving file C:\SBS\UCWA\53bb9b09-9778-46fb-a5ee-fabafa6eae2a.mdto C:\SBS\UCWAresults\SubscribeToThePresenceOfSelectedContacts.md
Moving file C:\SBS\UCWA\573d37bf-7fae-4ec6-9ebe-20e19e82673a.mdto C:\SBS\UCWAresults\startOrRefreshSubscriptionToContactsAndGroups_ref.md
Moving file C:\SBS\UCWA\582e6986-3c0c-47ce-b63b-242b4e381925.mdto C:\SBS\UCWAresults\ResourcesInUCWA.md
Moving file C:\SBS\UCWA\587b3945-46a7-4ed9-8c31-fdb34e21cb5f.mdto C:\SBS\UCWAresults\onlineMeetingPolicies_ref.md
Moving file C:\SBS\UCWA\58986256-c50a-413c-b0ed-1c448fa3a137.mdto C:\SBS\UCWAresults\presenceSubscription_ref.md
Moving file C:\SBS\UCWA\593ce7e1-ac6a-4a6b-ae05-b396bb5217c8.mdto C:\SBS\UCWAresults\search_ref.md
Moving file C:\SBS\UCWA\59ee2f00-b7b2-44b9-93a2-ec65fbf093b8.mdto C:\SBS\UCWAresults\participantApplicationSharing_ref.md
Moving file C:\SBS\UCWA\5a4af6e8-e685-4965-b790-835017a63d42.mdto C:\SBS\UCWAresults\UnifiedCommunicationsWebAPI2_0.md
Moving file C:\SBS\UCWA\5aadca8d-fde9-4450-8745-1b16b77a8c75.mdto C:\SBS\UCWAresults\PrivacyRelationshipLevel_ref.md
Moving file C:\SBS\UCWA\5adcdf7e-a309-4bca-86f8-bf33a793ab91.mdto C:\SBS\UCWAresults\demote_ref.md
Moving file C:\SBS\UCWA\5b206dd2-7299-41f0-8bb2-924cbedc7c04.mdto C:\SBS\UCWAresults\reason_ref.md
Moving file C:\SBS\UCWA\5b9443d2-50a5-4df2-9117-dd387fa057aa.mdto C:\SBS\UCWAresults\stopSubscriptionToContactsAndGroups_ref.md
Moving file C:\SBS\UCWA\5b9fec78-c6e2-47f9-98b4-580d871ff461.mdto C:\SBS\UCWAresults\OnlineMeetingRel_ref.md
Moving file C:\SBS\UCWA\5beff9ff-c16a-4e5b-9a66-601bdbccf71e.mdto C:\SBS\UCWAresults\acceptedByParticipant_ref.md
Moving file C:\SBS\UCWA\5bfe5c5b-c59d-4dfc-8600-cc2dba38bd58.mdto C:\SBS\UCWAresults\CallDeclineReason_ref.md
Moving file C:\SBS\UCWA\5c7a6727-0a4c-47bb-a08a-c8162eb302fd.mdto C:\SBS\UCWAresults\CallState_ref.md
Moving file C:\SBS\UCWA\5dbdb779-8967-4ed3-9092-f8feb92ae8c8.mdto C:\SBS\UCWAresults\enableAudienceMessaging_ref.md
Moving file C:\SBS\UCWA\5fdc1ff2-87e7-4978-a7b1-7813f2270862.mdto C:\SBS\UCWAresults\CopyrightNotice_UCWA2_0SDK.md
Moving file C:\SBS\UCWA\60bba4ab-4cfb-421e-8f82-7422a3368de0.mdto C:\SBS\UCWAresults\GetUsersContactList.md
Moving file C:\SBS\UCWA\60d06aa7-3b40-4684-9f34-baf784b32ccf.mdto C:\SBS\UCWAresults\applicationSharer_ref.md
Moving file C:\SBS\UCWA\610f6b9b-3a5c-40b9-a188-d22e1573f630.mdto C:\SBS\UCWAresults\OperationResource.md
Moving file C:\SBS\UCWA\6342386c-41da-40bc-be86-f10aa63d8874.mdto C:\SBS\UCWAresults\GetMyNoteInformation.md
Moving file C:\SBS\UCWA\636fdcc7-cfa5-47cd-a267-cca5ae2b22e2.mdto C:\SBS\UCWAresults\SourceNetwork_ref.md
Moving file C:\SBS\UCWA\64185ba0-8881-429d-b1c3-af192250e690.mdto C:\SBS\UCWAresults\phone_ref.md
Moving file C:\SBS\UCWA\6513ee83-b6d4-4421-a473-b3cbff093d9a.mdto C:\SBS\UCWAresults\GetPresenceDataOfAContact.md
Moving file C:\SBS\UCWA\65575184-3fc1-40f3-9b2f-7995bbb83c92.mdto C:\SBS\UCWAresults\startPhoneAudio_ref.md
Moving file C:\SBS\UCWA\656d8c94-e67a-44a9-9656-f6809fb850c8.mdto C:\SBS\UCWAresults\photo_ref.md
Moving file C:\SBS\UCWA\661cbbd2-bf7f-4fa3-b18f-138842f19957.mdto C:\SBS\UCWAresults\myPrivacyRelationships_ref.md
Moving file C:\SBS\UCWA\668a32e0-d10f-464b-9ac3-cd17dcc20a5f.mdto C:\SBS\UCWAresults\conversationLogRecipient_ref.md
Moving file C:\SBS\UCWA\66b56abb-6922-422c-b374-84abc47483b9.mdto C:\SBS\UCWAresults\startMessaging2_ref.md
Moving file C:\SBS\UCWA\6a244705-637a-4a0a-a95c-5c38316ce4ec.mdto C:\SBS\UCWAresults\onlineMeeting_ref.md
Moving file C:\SBS\UCWA\6a59f3c4-129b-409a-9046-5514e2b3bd10.mdto C:\SBS\UCWAresults\defaultGroup_ref.md
Moving file C:\SBS\UCWA\6cd9060e-6da0-439a-b8d4-aa67db8280ad.mdto C:\SBS\UCWAresults\PeopleDashboard.md
Moving file C:\SBS\UCWA\6d5efc27-f791-4c31-9738-bfb5027a2050.mdto C:\SBS\UCWAresults\participantDataCollaboration_ref.md
Moving file C:\SBS\UCWA\6e2a7275-e350-4407-890f-7e27740295fc.mdto C:\SBS\UCWAresults\localParticipant_ref.md
Moving file C:\SBS\UCWA\6e4ea80c-1459-4b31-b2d0-8c7db674a44c.mdto C:\SBS\UCWAresults\ErrorTranscriptReason_ref.md
Moving file C:\SBS\UCWA\6eb50799-6c08-48e1-a3cf-0e4585fcf9ad.mdto C:\SBS\UCWAresults\stopPhoneAudio_ref.md
Moving file C:\SBS\UCWA\6ed9c06a-5fbd-4ece-8ede-fa3b50369c0f.mdto C:\SBS\UCWAresults\onlineMeetingInvitation_ref.md
Moving file C:\SBS\UCWA\6eeb76ff-f002-4ac8-ba48-a70f31ff58c8.mdto C:\SBS\UCWAresults\myContacts_ref.md
Moving file C:\SBS\UCWA\6f999a54-b439-49c9-8038-cd7defb5009b.mdto C:\SBS\UCWAresults\AdvancedTopics.md
Moving file C:\SBS\UCWA\717fdb0c-193d-4d91-b223-f25efefdc2d5.mdto C:\SBS\UCWAresults\resumePhoneAudio_Ref.md
Moving file C:\SBS\UCWA\71c53d32-58f8-456c-bd5f-63649327a5d0.mdto C:\SBS\UCWAresults\KeyTasks.md
Moving file C:\SBS\UCWA\72942217-0203-4e6a-97f3-d8a3327939c4.mdto C:\SBS\UCWAresults\attendees_ref.md
Moving file C:\SBS\UCWA\72a576f9-9444-465e-94a7-fea689756498.mdto C:\SBS\UCWAresults\addToContactList_ref.md
Moving file C:\SBS\UCWA\73bf0803-6886-42ce-bae2-2d75c9be3bfb.mdto C:\SBS\UCWAresults\lobby_ref.md
Moving file C:\SBS\UCWA\73dc7e76-4839-4651-a58e-28754255bdba.mdto C:\SBS\UCWAresults\Hypermedia.md
Moving file C:\SBS\UCWA\74ab3e3f-6ada-4076-a0f9-244e7624757d.mdto C:\SBS\UCWAresults\myOnlineMeetings_ref.md
Moving file C:\SBS\UCWA\74b3e5c6-f398-4298-97a1-f1094bc38c95.mdto C:\SBS\UCWAresults\participantVideo_ref.md
Moving file C:\SBS\UCWA\752d9fad-1989-4e93-987c-533d09226755.mdto C:\SBS\UCWAresults\xframe_ref.md
Moving file C:\SBS\UCWA\755bb40f-9b65-416d-bf52-9036ed6e80ea.mdto C:\SBS\UCWAresults\GeneralHelperLibrary.md
Moving file C:\SBS\UCWA\75d44c79-807d-4fb9-8c2c-6ed637df77dc.mdto C:\SBS\UCWAresults\presenceSubscriptionMembership_ref.md
Moving file C:\SBS\UCWA\76395480-560b-47e9-9dbc-37d192a28604.mdto C:\SBS\UCWAresults\UCWAResources.md
Moving file C:\SBS\UCWA\7688c0ae-be0c-41d6-9521-7110f6594e48.mdto C:\SBS\UCWAresults\makeMeAvailable_ref.md
Moving file C:\SBS\UCWA\7755f3d0-8e64-404a-8af4-b8a097fce80e.mdto C:\SBS\UCWAresults\addToPresenceSubscription_ref.md
Moving file C:\SBS\UCWA\78d605f1-95be-4fb5-a7ff-be0874a75dd0.mdto C:\SBS\UCWAresults\admit_ref.md
Moving file C:\SBS\UCWA\78f54e46-9b28-46e1-ba3a-4b5ff224d7b2.mdto C:\SBS\UCWAresults\GetAContactData.md
Moving file C:\SBS\UCWA\79233ef3-248c-4aee-8441-62419e0621f9.mdto C:\SBS\UCWAresults\myGroupMembership_ref.md
Moving file C:\SBS\UCWA\7c2378a8-5ebf-4714-956e-2c294391e17a.mdto C:\SBS\UCWAresults\GenericSynchronousErrors.md
Moving file C:\SBS\UCWA\7c696cc8-283b-4a8c-ab3b-32928b905ecc.mdto C:\SBS\UCWAresults\unansweredCallToVoicemail_ref.md
Moving file C:\SBS\UCWA\7c8323ef-11af-4f69-9ca5-9d3077b81c3d.mdto C:\SBS\UCWAresults\callForwardingSettings_ref.md
Moving file C:\SBS\UCWA\7d3b7c73-f43f-4e69-a0c5-16fe7b6f21ac.mdto C:\SBS\UCWAresults\MeDashboard.md
Moving file C:\SBS\UCWA\7ee1ba28-36fe-4ffc-8397-6d4a2757606f.mdto C:\SBS\UCWAresults\startMessaging_ref.md
Moving file C:\SBS\UCWA\8054991d-e612-4cf8-aae8-7b9103495f28.mdto C:\SBS\UCWAresults\derivedPhoneAudio_ref.md
Moving file C:\SBS\UCWA\80c48c9e-ffd8-467c-8874-b9715282f1ed.mdto C:\SBS\UCWAresults\CallForwardingState_ref.md
Moving file C:\SBS\UCWA\812e2205-77d2-4668-93ee-54451178543b.mdto C:\SBS\UCWAresults\removeFromContactList_ref.md
Moving file C:\SBS\UCWA\818e6427-90ef-4ecb-8b40-b52cb5ba005c.mdto C:\SBS\UCWAresults\Direction_ref.md
Moving file C:\SBS\UCWA\8261da26-fd91-45f7-a27b-13e0a8f99d7c.mdto C:\SBS\UCWAresults\resetContactPrivacyRelationship_ref.md
Moving file C:\SBS\UCWA\8281ab1a-adfa-4bfb-bd14-e6657945a64d.mdto C:\SBS\UCWAresults\cancel_ref.md
Moving file C:\SBS\UCWA\82d1fd85-b9f1-4ef0-890b-701ec79a5f4d.mdto C:\SBS\UCWAresults\joinOnlineMeeting_ref.md
Moving file C:\SBS\UCWA\834cdc6f-254c-4f62-897c-342732507432.mdto C:\SBS\UCWAresults\AutomaticLeaderAssignment_ref.md
Moving file C:\SBS\UCWA\83a4d69f-5f2a-4e66-9288-affae81db6b0.mdto C:\SBS\UCWAresults\application_ref.md
Moving file C:\SBS\UCWA\845bbb65-70aa-4fa6-9d3b-ee84b1ade12d.mdto C:\SBS\UCWAresults\to_ref.md
Moving file C:\SBS\UCWA\84cf2521-fea6-4bfc-8873-ec4837075010.mdto C:\SBS\UCWAresults\transferredBy_ref.md
Moving file C:\SBS\UCWA\84d9cd31-7aec-44e9-9c1f-1297a4d9d1b4.mdto C:\SBS\UCWAresults\SetMyPresenceInformation.md
Moving file C:\SBS\UCWA\851e2254-0f1e-433e-aa5f-4d0df123a31a.mdto C:\SBS\UCWAresults\ContactDeviceType_ref.md
Moving file C:\SBS\UCWA\853a322a-5d81-4a90-9546-4883ada50473.mdto C:\SBS\UCWAresults\MeTasks.md
Moving file C:\SBS\UCWA\87ddb08e-1306-4f10-9f97-e93bd9fe3518.mdto C:\SBS\UCWAresults\me_ref.md
Moving file C:\SBS\UCWA\89bef9c1-2781-422a-83dc-deb37c3414fe.mdto C:\SBS\UCWAresults\muteAudio_ref.md
Moving file C:\SBS\UCWA\89d0ff80-67d8-4944-8518-30ab979318cd.mdto C:\SBS\UCWAresults\onlineMeetingEligibleValues_ref.md
Moving file C:\SBS\UCWA\8a39a417-3876-41cf-8efe-30145ebbc441.mdto C:\SBS\UCWAresults\PhoneUserAdmission_ref.md
Moving file C:\SBS\UCWA\8a4da0f7-26aa-4fbd-b614-f3ede50349de.mdto C:\SBS\UCWAresults\contact_ref.md
Moving file C:\SBS\UCWA\8ad96ed9-9d01-4d2c-97cc-ca3b1197743e.mdto C:\SBS\UCWAresults\BatchLibrary.md
Moving file C:\SBS\UCWA\8b3e025c-4f64-418b-bf47-e81072f3f12b.mdto C:\SBS\UCWAresults\UCWAHelperLibrary.md
Moving file C:\SBS\UCWA\8d69617d-aeae-416f-90f7-6c8b1fd614a3.mdto C:\SBS\UCWAresults\resetUnansweredCallSettings_ref.md
Moving file C:\SBS\UCWA\8df83b6b-8c14-4f53-a097-cd9634b0a8ae.mdto C:\SBS\UCWAresults\unansweredCallSettings_ref.md
Moving file C:\SBS\UCWA\8e721a92-3874-4bb1-a59c-c6d820c93ff2.mdto C:\SBS\UCWAresults\phones_ref.md
Moving file C:\SBS\UCWA\8e79ff9e-ae6e-4aa6-b7c2-f7eafd058f8f.mdto C:\SBS\UCWAresults\groupMemberships_ref.md
Moving file C:\SBS\UCWA\8f3c27b9-8b90-444f-a15f-03c9d30135b2.mdto C:\SBS\UCWAresults\communication_ref.md
Moving file C:\SBS\UCWA\9073a925-360e-417c-9d54-b2f798a3df3d.mdto C:\SBS\UCWAresults\applications2_ref.md
Moving file C:\SBS\UCWA\90789224-15a2-40bd-a439-61270b89089d.mdto C:\SBS\UCWAresults\MultiTabSupport.md
Moving file C:\SBS\UCWA\90eb396f-31cf-4ae9-9e48-231412286353.mdto C:\SBS\UCWAresults\onlineMeetingInvitationCustomization_ref.md
Moving file C:\SBS\UCWA\92346c7b-34b2-411d-8a90-2ec3bc8bc304.mdto C:\SBS\UCWAresults\myGroupMembership2_ref.md
Moving file C:\SBS\UCWA\92448f0a-eb03-4a2b-a60d-31ac83bfa748.mdto C:\SBS\UCWAresults\ScheduleAnOnlineMeeting.md
Moving file C:\SBS\UCWA\9296257d-5a76-46a3-9dd9-e6762d2832c4.mdto C:\SBS\UCWAresults\Caching.md
Moving file C:\SBS\UCWA\92e2e28c-b7c9-4ec3-8dcf-67c141039fa3.mdto C:\SBS\UCWAresults\ReceiveAnIM.md
Moving file C:\SBS\UCWA\93e06ebb-38dd-4f6d-80f8-27234f4a1396.mdto C:\SBS\UCWAresults\InvitationState_ref.md
Moving file C:\SBS\UCWA\94ef86c5-4164-4a1b-8e1b-72485a29a7f6.mdto C:\SBS\UCWAresults\OnlineMeetingExtensionType_ref.md
Moving file C:\SBS\UCWA\95cd0461-a7e9-469c-81a8-ece6f57b80ef.mdto C:\SBS\UCWAresults\myGroupMemberships_ref.md
Moving file C:\SBS\UCWA\9740e3af-b40a-4dda-96c9-90acb052f8df.mdto C:\SBS\UCWAresults\participantMessaging_ref.md
Moving file C:\SBS\UCWA\9879760b-ac64-4c3a-9b5b-e9bf11ebcaac.mdto C:\SBS\UCWAresults\Versioning.md
Moving file C:\SBS\UCWA\9a1529d0-bb71-45d8-ac0d-d893da74a28d.mdto C:\SBS\UCWAresults\DeleteAPresenceSubscription.md
Moving file C:\SBS\UCWA\9b020a59-4e0b-4f83-bba4-d8c1ccae7264.mdto C:\SBS\UCWAresults\QueryParameters.md
Moving file C:\SBS\UCWA\9b58927a-ded4-4f14-80b9-4f4722d7197f.mdto C:\SBS\UCWAresults\startOnlineMeeting_ref.md
Moving file C:\SBS\UCWA\9bc335fa-5e75-4e07-bda0-600f97dd2bc2.mdto C:\SBS\UCWAresults\CreateAnApplication.md
Moving file C:\SBS\UCWA\9bdf048a-e658-4fa6-9131-53d80346a06b.mdto C:\SBS\UCWAresults\note_ref.md
Moving file C:\SBS\UCWA\9bec0d67-16d4-454a-90e4-2169523a9132.mdto C:\SBS\UCWAresults\CacheLibrary.md
Moving file C:\SBS\UCWA\9d1da9a5-e1a3-4b50-a8a0-e6b305df514e.mdto C:\SBS\UCWAresults\addPhoneAudio_ref.md
Moving file C:\SBS\UCWA\9e4d9905-a17c-458d-8cf5-d384f5bd65fd.mdto C:\SBS\UCWAresults\RegisteringYourApplicationInAzureAD.md
Moving file C:\SBS\UCWA\9e83c382-94aa-499d-9b81-b88e4bbd6fd4.mdto C:\SBS\UCWAresults\ErrorsAndInformationalMessages.md
Moving file C:\SBS\UCWA\9e86d0ba-8273-4095-a2a1-36a20f9ebc5a.mdto C:\SBS\UCWAresults\Importance_ref.md
Moving file C:\SBS\UCWA\9ed01b80-1bc4-4d53-a507-c99894698a7e.mdto C:\SBS\UCWAresults\accept_ref.md
Moving file C:\SBS\UCWA\a0b6cbe1-866c-4df7-8002-832a90de14a3.mdto C:\SBS\UCWAresults\DashboardConcepts.md
Moving file C:\SBS\UCWA\a12a3fe0-5e2c-430d-b956-5023b7921c26.mdto C:\SBS\UCWAresults\search2_ref.md
Moving file C:\SBS\UCWA\a156e178-f2be-4059-b8c8-4f4b12dffd5b.mdto C:\SBS\UCWAresults\ResourceList.md
Moving file C:\SBS\UCWA\a36f0874-5f0c-4ff2-ba64-b88321a0abe6.mdto C:\SBS\UCWAresults\sendMessage_ref.md
Moving file C:\SBS\UCWA\a442b78e-4c04-44b7-9c15-44d067d78078.mdto C:\SBS\UCWAresults\TraceAndDebugTools.md
Moving file C:\SBS\UCWA\a61637e4-d285-4bd1-a36f-559f90e3895b.mdto C:\SBS\UCWAresults\contactPhoto_ref.md
Moving file C:\SBS\UCWA\a625073b-0335-4561-9bb7-434a80d8805d.mdto C:\SBS\UCWAresults\NoteType_ref.md
Moving file C:\SBS\UCWA\a672de10-5cea-4aba-a80e-ee57cd65caa8.mdto C:\SBS\UCWAresults\missedItems_ref.md
Moving file C:\SBS\UCWA\a6df1daa-2ec4-41dc-90bd-d7176e696232.mdto C:\SBS\UCWAresults\participantAudio_ref.md
Moving file C:\SBS\UCWA\a7e75b53-c16f-49d5-8976-c497a97eb582.mdto C:\SBS\UCWAresults\OnlineMeetingTasks.md
Moving file C:\SBS\UCWA\a92d7822-bf87-48e8-90a2-5d11a529416b.mdto C:\SBS\UCWAresults\nextConversationLogTranscripts_ref.md
Moving file C:\SBS\UCWA\aa720c65-f1ac-48bf-9465-67bb85ff8301.mdto C:\SBS\UCWAresults\AuthenticationLibrary.md
Moving file C:\SBS\UCWA\aae402f4-54c8-4712-b214-77261043dfda.mdto C:\SBS\UCWAresults\unansweredCallToContact_ref.md
Moving file C:\SBS\UCWA\ab1b2469-7d5b-43e3-954c-53d61648d8f0.mdto C:\SBS\UCWAresults\unmuteAudio_ref.md
Moving file C:\SBS\UCWA\ab3b80ef-c89e-4d77-b7b0-eb7059fd2379.mdto C:\SBS\UCWAresults\MimeLibrary.md
Moving file C:\SBS\UCWA\ab98d50f-ebae-4bf7-b9f6-7b9c40c00b2f.mdto C:\SBS\UCWAresults\UCWA2_0APIReference.md
Moving file C:\SBS\UCWA\ad3c71b7-824e-47cb-96e3-7f13ef65ab26.mdto C:\SBS\UCWAresults\CoreCapabilities.md
Moving file C:\SBS\UCWA\aed2e045-b1cf-47d9-9052-08cae57d5671.mdto C:\SBS\UCWAresults\pinnedGroup_ref.md
Moving file C:\SBS\UCWA\b0556a2e-3462-437c-876f-6499f7fe2e72.mdto C:\SBS\UCWAresults\EventsInUCWA.md
Moving file C:\SBS\UCWA\b13d33bf-aa70-4ed8-9542-b832d5a6e46b.mdto C:\SBS\UCWAresults\subscribedContacts_ref.md
Moving file C:\SBS\UCWA\b2546551-4471-4908-8752-f864d16ca555.mdto C:\SBS\UCWAresults\disableAudienceMessaging_ref.md
Moving file C:\SBS\UCWA\b27bffed-c70e-4d86-93e1-18e918413fc7.mdto C:\SBS\UCWAresults\ResetMyPresenceInformation.md
Moving file C:\SBS\UCWA\b27d0e89-056e-438b-982c-40c5b1fbf779.mdto C:\SBS\UCWAresults\immediateForwardToContact_ref.md
Moving file C:\SBS\UCWA\b38a382c-083b-4069-85ea-b31372babcb2.mdto C:\SBS\UCWAresults\GetMyPresenceInformation.md
Moving file C:\SBS\UCWA\b6782120-0bfa-44f8-b3e9-a6165aac0d62.mdto C:\SBS\UCWAresults\dataCollaboration_ref.md
Moving file C:\SBS\UCWA\b6f48909-acb0-41b1-8425-f3f9f7d51baa.mdto C:\SBS\UCWAresults\phoneAudio_ref.md
Moving file C:\SBS\UCWA\b8467eb0-721f-441a-8cef-e00e1f36bf7f.mdto C:\SBS\UCWAresults\AudioTranscriptStatus_ref.md
Moving file C:\SBS\UCWA\b87ab3a1-6f08-4f31-bf64-34dfc3d95e9c.mdto C:\SBS\UCWAresults\immediateForwardToDelegates_ref.md
Moving file C:\SBS\UCWA\b8a27f05-cb3f-4a55-9fb5-b42b457a48c8.mdto C:\SBS\UCWAresults\RootURL.md
Moving file C:\SBS\UCWA\ba072854-68eb-467b-8448-a73eb3fad376.mdto C:\SBS\UCWAresults\ImmediateForwardSettingsTarget_ref.md
Moving file C:\SBS\UCWA\bcbc6c85-357a-4fb2-9956-71b6a25a04e0.mdto C:\SBS\UCWAresults\reject_ref.md
Moving file C:\SBS\UCWA\bd337bb6-8290-4994-a6c1-a98915f15b72.mdto C:\SBS\UCWAresults\contactPresence_ref.md
Moving file C:\SBS\UCWA\be5e1daf-180e-4544-b7f0-009f07e0ed2e.mdto C:\SBS\UCWAresults\KeyProgrammingConcepts.md
Moving file C:\SBS\UCWA\bf005fca-e195-4a4d-94a8-9a1f19b109f7.mdto C:\SBS\UCWAresults\ExtendAPresenceSubscription.md
Moving file C:\SBS\UCWA\bf84c6dd-7cf4-4a42-9500-4439e82d5f44.mdto C:\SBS\UCWAresults\UnifiedCommunicationsWebAPI2_0SDKDocumentation.md
Moving file C:\SBS\UCWA\c2aa0114-eb65-42bf-972a-f3ffb569a992.mdto C:\SBS\UCWAresults\disableAudienceMuteLock_ref.md
Moving file C:\SBS\UCWA\c2f42104-adc2-419d-9941-74ff94d85216.mdto C:\SBS\UCWAresults\contactNote_ref.md
Moving file C:\SBS\UCWA\c305b892-ed77-48e9-a382-0acf809f73b0.mdto C:\SBS\UCWAresults\user_ref.md
Moving file C:\SBS\UCWA\c3362a20-fe78-4987-9287-a79c781c46f3.mdto C:\SBS\UCWAresults\PayloadFormat.md
Moving file C:\SBS\UCWA\c3d9064f-e456-4d63-9b69-5a6359bd81ee.mdto C:\SBS\UCWAresults\SubscribeToThePresenceOfAGroupOfContacts.md
Moving file C:\SBS\UCWA\c51db8df-a186-4a6f-9efd-b15fe54ad70f.mdto C:\SBS\UCWAresults\myAssignedOnlineMeeting_ref.md
Moving file C:\SBS\UCWA\c67800da-2046-4512-b357-f94a4e5ee906.mdto C:\SBS\UCWAresults\contactPrivacyRelationship_ref.md
Moving file C:\SBS\UCWA\c6ebd5e5-3618-4c67-b9ce-30f066f3817a.mdto C:\SBS\UCWAresults\decline_ref.md
Moving file C:\SBS\UCWA\c738adb5-bed2-4c0c-b272-01c845c192a0.mdto C:\SBS\UCWAresults\ConversationModalityType_ref.md
Moving file C:\SBS\UCWA\c7a2c885-ceb5-4589-9766-c4a9acbab072.mdto C:\SBS\UCWAresults\Cross_domainIFRAME.md
Moving file C:\SBS\UCWA\c7e80ca0-bdf1-40a7-bf8d-37ce8e879d95.mdto C:\SBS\UCWAresults\ConversationState_ref.md
Moving file C:\SBS\UCWA\c7ed4e9b-f169-48d9-b336-801acb809c7e.mdto C:\SBS\UCWAresults\ConfiguringATopology.md
Moving file C:\SBS\UCWA\c82c831c-ecf4-4bcd-bfa5-570ec79c6620.mdto C:\SBS\UCWAresults\addMessaging_ref.md
Moving file C:\SBS\UCWA\c96845ef-ddd0-4e16-b432-364553d9e4bb.mdto C:\SBS\UCWAresults\UnansweredCallHandling_ref.md
Moving file C:\SBS\UCWA\c9d30a4a-ce03-4aba-ad18-c7abd7d03d0d.mdto C:\SBS\UCWAresults\AutoDiscoveryLibrary.md
Moving file C:\SBS\UCWA\c9e7ede4-0e9f-4dc6-b75c-31a4bcaf9604.mdto C:\SBS\UCWAresults\CommunicationTasks.md
Moving file C:\SBS\UCWA\c9f4bb49-5ad2-4937-9c1f-303c3c936eec.mdto C:\SBS\UCWAresults\simultaneousRingToTeam_ref.md
Moving file C:\SBS\UCWA\ca68427d-66a5-4bdd-a835-e11b03e2516f.mdto C:\SBS\UCWAresults\audioVideo_ref.md
Moving file C:\SBS\UCWA\cb7cefe5-7766-4f67-ab28-27f026c66aff.mdto C:\SBS\UCWAresults\group2_ref.md
Moving file C:\SBS\UCWA\cbbbd454-069a-4a6f-aeb3-de80d3321030.mdto C:\SBS\UCWAresults\BatchingRequests.md
Moving file C:\SBS\UCWA\cff5671f-eeb6-47b7-82b7-194e5338e7bc.mdto C:\SBS\UCWAresults\participantInvitation_ref.md
Moving file C:\SBS\UCWA\d289f5c3-36eb-431d-90b1-38e89c3d47b7.mdto C:\SBS\UCWAresults\videoLockedOnParticipant_ref.md
Moving file C:\SBS\UCWA\d2d86776-6d02-47ca-970f-25f6aa62a7f8.mdto C:\SBS\UCWAresults\contactPrivacyRelationship2_ref.md
Moving file C:\SBS\UCWA\d49a8ec7-5414-4fec-a214-df6d4a3d6ca7.mdto C:\SBS\UCWAresults\onlineMeetingDefaultValues_ref.md
Moving file C:\SBS\UCWA\d536fc2a-7bbd-4074-b476-f69b8fe7dd63.mdto C:\SBS\UCWAresults\continueMessaging_ref.md
Moving file C:\SBS\UCWA\d5bb9540-3879-40ba-8e9f-bb724430da97.mdto C:\SBS\UCWAresults\Status_ref.md
Moving file C:\SBS\UCWA\d72315a0-5697-4364-a1fc-b6518f5e6753.mdto C:\SBS\UCWAresults\ErrorSubcode_ref.md
Moving file C:\SBS\UCWA\d730763d-1378-411d-ad89-bbf50b346883.mdto C:\SBS\UCWAresults\ModalityType_ref.md
Moving file C:\SBS\UCWA\d7a99bcd-06ec-4d43-9646-113edac09d5b.mdto C:\SBS\UCWAresults\SubscriptionState_ref.md
Moving file C:\SBS\UCWA\d7c00ff6-3352-43dc-b512-dc40bdb5bbb8.mdto C:\SBS\UCWAresults\simultaneousRingSettings_ref.md
Moving file C:\SBS\UCWA\d82d65a8-f86c-4212-9aa1-feceb1c8a69e.mdto C:\SBS\UCWAresults\messagingInvitation_ref.md
Moving file C:\SBS\UCWA\d910dda3-f01f-46a4-8566-cc9ccb2f3a37.mdto C:\SBS\UCWAresults\presenceSubscriptions_ref.md
Moving file C:\SBS\UCWA\d97531a9-99f5-49fc-a017-c53cd1d815f9.mdto C:\SBS\UCWAresults\onBehalfOf_ref.md
Moving file C:\SBS\UCWA\da04fe49-220d-4fe1-a69c-672a16f03aea.mdto C:\SBS\UCWAresults\policies_ref.md
Moving file C:\SBS\UCWA\da2c8ea5-46fa-4985-a001-8eddac29633f.mdto C:\SBS\UCWAresults\EventChannelDetails.md
Moving file C:\SBS\UCWA\db287f57-206e-4e1b-a8a6-0d3e507b5228.mdto C:\SBS\UCWAresults\enableAudienceMuteLock_ref.md
Moving file C:\SBS\UCWA\deb9e700-1f33-4511-a869-7aeafd837625.mdto C:\SBS\UCWAresults\VideoSourcesAllowed_ref.md
Moving file C:\SBS\UCWA\dffab287-2514-428b-82ab-afb862b246a2.mdto C:\SBS\UCWAresults\ConversationLogType_ref.md
Moving file C:\SBS\UCWA\e07e80bf-6543-4d51-82bf-9318c179ed42.mdto C:\SBS\UCWAresults\PreferredAvailability_ref.md
Moving file C:\SBS\UCWA\e11a2330-03cb-44d4-986f-d118d4812dce.mdto C:\SBS\UCWAresults\onlineMeetings_ref.md
Moving file C:\SBS\UCWA\e1bb4d38-90de-4903-a529-f87ed48e9fb9.mdto C:\SBS\UCWAresults\UpdateAnOnlineMeeting.md
Moving file C:\SBS\UCWA\e27f5647-46b8-4911-8fca-b4d7e3c489c0.mdto C:\SBS\UCWAresults\simultaneousRingToContact_ref.md
Moving file C:\SBS\UCWA\e292d8ef-3b05-4442-9983-378f6f958f8b.mdto C:\SBS\UCWAresults\SkypeForBusinessOnlineScopePermissions.md
Moving file C:\SBS\UCWA\e2fef668-8062-41f5-8ac0-04dd2e511cf5.mdto C:\SBS\UCWAresults\DevelopingUCWAApplicationsForSkypeForBusinessServer.md
Moving file C:\SBS\UCWA\e3921eff-8ebb-485e-bc67-b47a400a4d61.mdto C:\SBS\UCWAresults\ErrorCode_ref.md
Moving file C:\SBS\UCWA\e4852944-846a-467d-ba6d-7a9aa1980e19.mdto C:\SBS\UCWAresults\messaging_ref.md
Moving file C:\SBS\UCWA\e64a9968-dbb2-4da5-b298-599cda7922f7.mdto C:\SBS\UCWAresults\Availability_ref.md
Moving file C:\SBS\UCWA\e6ac52d3-77cb-4d6c-8304-0bb7be48554c.mdto C:\SBS\UCWAresults\subscribeToGroupPresence_ref.md
Moving file C:\SBS\UCWA\e6f0f857-b347-462f-87cc-27f0fd724a9c.mdto C:\SBS\UCWAresults\markAsRead_ref.md
Moving file C:\SBS\UCWA\e86c6530-e1e9-4160-bdc0-90282cfc19eb.mdto C:\SBS\UCWAresults\EntryExitAnnouncement_ref.md
Moving file C:\SBS\UCWA\e871fa3d-5b72-48cf-81b8-9cc34ed52850.mdto C:\SBS\UCWAresults\UCWA2_0GeneralReference.md
Moving file C:\SBS\UCWA\eb2b9217-14b1-4e42-8a90-411bc169fe4a.mdto C:\SBS\UCWAresults\myOnlineMeeting_ref.md
Moving file C:\SBS\UCWA\ed39cd49-ade5-44ed-af33-b4485ed2effb.mdto C:\SBS\UCWAresults\batch_ref.md
Moving file C:\SBS\UCWA\ed8ca7c3-73ec-4f0b-90e1-0c57595649fe.mdto C:\SBS\UCWAresults\myGroupMemberships2_ref.md
Moving file C:\SBS\UCWA\eea29002-eed8-4de0-82d9-c55627ddd6d8.mdto C:\SBS\UCWAresults\CrossDomainCommunication.md
Moving file C:\SBS\UCWA\ef776adc-c0e5-4917-8100-76bbc51a20b1.mdto C:\SBS\UCWAresults\TransportLibrary.md
Moving file C:\SBS\UCWA\efc42f36-5cc9-417e-99d1-09214423e8ca.mdto C:\SBS\UCWAresults\phoneDialInInformation_ref.md
Moving file C:\SBS\UCWA\f1603670-3b86-4a81-8a8d-c0e6bd7d3f98.mdto C:\SBS\UCWAresults\myGroups2_ref.md
Moving file C:\SBS\UCWA\f229e901-dda8-420e-8053-72419a5e7b1d.mdto C:\SBS\UCWAresults\conversationLog_ref.md
Moving file C:\SBS\UCWA\f27f1a2a-82f9-4d8d-a773-ecbd07f347c6.mdto C:\SBS\UCWAresults\conversationLogs_ref.md
Moving file C:\SBS\UCWA\f28375f0-45be-4447-ba14-996d57f6f0ee.mdto C:\SBS\UCWAresults\LobbyBypassForPhoneUsers_ref.md
Moving file C:\SBS\UCWA\f46eff40-cfb9-4f64-89ad-c94d8c319e68.mdto C:\SBS\UCWAresults\immediateForwardToVoicemail_ref.md
Moving file C:\SBS\UCWA\f4965f24-5ad9-41c9-9b52-d2013ef31dbf.mdto C:\SBS\UCWAresults\MediaDirectionType_ref.md
Moving file C:\SBS\UCWA\f58f84fe-07a4-46d1-b7e1-6c9536b4d49e.mdto C:\SBS\UCWAresults\conversation_ref.md
Moving file C:\SBS\UCWA\f66482d2-ac35-4b25-9c8b-0f5f7ab89b01.mdto C:\SBS\UCWAresults\AuthenticationUsingAzureAD.md
Moving file C:\SBS\UCWA\f682620d-d438-46ff-966e-3e51b04ee397.mdto C:\SBS\UCWAresults\redirect_ref.md
Moving file C:\SBS\UCWA\f8c3fd2d-9c6b-4ca2-b418-e692278d3ec6.mdto C:\SBS\UCWAresults\participant_ref.md
Moving file C:\SBS\UCWA\fadf1f54-d99f-42d2-b6b2-fa6c99ffa76d.mdto C:\SBS\UCWAresults\addParticipant_ref.md
Moving file C:\SBS\UCWA\fb6c16d9-979f-4d0e-9a94-6e7a740fe71f.mdto C:\SBS\UCWAresults\derivedMessaging_ref.md
Moving file C:\SBS\UCWA\fccbf852-0da1-484c-a8ec-b760a3d049ad.mdto C:\SBS\UCWAresults\ActivePeriod_ref.md
Moving file C:\SBS\UCWA\fd81fea3-2031-4364-ba07-56abb2176733.mdto C:\SBS\UCWAresults\eject_ref.md
Moving file C:\SBS\UCWA\fdfb1559-4312-4c30-9cb8-819418e2509d.mdto C:\SBS\UCWAresults\location_ref.md
Moving file C:\SBS\UCWA\fe52376d-d8fd-49a9-a5e4-7ccc0342738a.mdto C:\SBS\UCWAresults\GroupingRequestsInABatch.md
Moving file C:\SBS\UCWA\fe8a8665-7122-4db0-9da3-4de104ad21f9.mdto C:\SBS\UCWAresults\contactSupportedModalities_ref.md
Moving file C:\SBS\UCWA\ff1c7d89-9142-4053-8d7d-dea52d0764f0.mdto C:\SBS\UCWAresults\Set my note information.md
Moving file C:\SBS\UCWA\ffc7b5c0-879b-42a3-963e-3dbcd86e74d1.mdto C:\SBS\UCWAresults\removeContactFromAllGroups2_ref.md
